g:\github_clones\sdlengine\sdlengine\sdlengine\sdlengine\release\vc141.pdb
g:\github_clones\sdlengine\sdlengine\sdlengine\sdlengine\release\main.obj
g:\github_clones\sdlengine\sdlengine\sdlengine\sdlengine\release\imgui_widgets.obj
g:\github_clones\sdlengine\sdlengine\sdlengine\sdlengine\release\imgui_sdl.obj
g:\github_clones\sdlengine\sdlengine\sdlengine\sdlengine\release\imgui_draw.obj
g:\github_clones\sdlengine\sdlengine\sdlengine\sdlengine\release\imgui_demo.obj
g:\github_clones\sdlengine\sdlengine\sdlengine\sdlengine\release\imgui.obj
g:\github_clones\sdlengine\sdlengine\sdlengine\sdlengine\release\glm.obj
g:\github_clones\sdlengine\sdlengine\sdlengine\sdlengine\release\game.obj
g:\github_clones\sdlengine\sdlengine\sdlengine\release\sdlengine.exe
g:\github_clones\sdlengine\sdlengine\sdlengine\release\sdlengine.pdb
g:\github_clones\sdlengine\sdlengine\sdlengine\release\sdlengine.ipdb
g:\github_clones\sdlengine\sdlengine\sdlengine\release\sdlengine.iobj
g:\github_clones\sdlengine\sdlengine\sdlengine\sdlengine\release\sdlengine.tlog\cl.command.1.tlog
g:\github_clones\sdlengine\sdlengine\sdlengine\sdlengine\release\sdlengine.tlog\cl.read.1.tlog
g:\github_clones\sdlengine\sdlengine\sdlengine\sdlengine\release\sdlengine.tlog\cl.write.1.tlog
g:\github_clones\sdlengine\sdlengine\sdlengine\sdlengine\release\sdlengine.tlog\link.command.1.tlog
g:\github_clones\sdlengine\sdlengine\sdlengine\sdlengine\release\sdlengine.tlog\link.read.1.tlog
g:\github_clones\sdlengine\sdlengine\sdlengine\sdlengine\release\sdlengine.tlog\link.write.1.tlog
g:\github_clones\sdlengine\sdlengine\sdlengine\sdlengine\release\sdlengine.tlog\sdlengine.write.1u.tlog
