  ECS_Collider_Component.cpp
  ECS_InputHandler_Component.cpp
  ECS_Sprite_Component.cpp
  ECS_Tile_Component.cpp
g:\github_clones\sdlengine\sdlengine\sdlengine\sdlengine\src\components\ecs_tile_component.cpp(16): warning C4244: '=': conversion from 'int' to 'T', possible loss of data
          with
          [
              T=float
          ]
g:\github_clones\sdlengine\sdlengine\sdlengine\sdlengine\src\components\ecs_tile_component.cpp(17): warning C4244: '=': conversion from 'int' to 'T', possible loss of data
          with
          [
              T=float
          ]
g:\github_clones\sdlengine\sdlengine\sdlengine\sdlengine\src\components\ecs_tile_component.cpp(27): warning C4244: '=': conversion from 'T' to 'int', possible loss of data
          with
          [
              T=float
          ]
g:\github_clones\sdlengine\sdlengine\sdlengine\sdlengine\src\components\ecs_tile_component.cpp(28): warning C4244: '=': conversion from 'T' to 'int', possible loss of data
          with
          [
              T=float
          ]
  ECS_Transform_Component.cpp
  ECS_UI_TextComponent.cpp
  ECS_AssetManager.cpp
  ECS_EntityManager.cpp
  ECS_FontManager.cpp
  ECS_TextureManager.cpp
  Game.cpp
g:\github_clones\sdlengine\sdlengine\sdlengine\sdlengine\src\game.cpp(191): warning C4244: '=': conversion from 'T' to 'int', possible loss of data
          with
          [
              T=float
          ]
g:\github_clones\sdlengine\sdlengine\sdlengine\sdlengine\src\game.cpp(192): warning C4244: '=': conversion from 'T' to 'int', possible loss of data
          with
          [
              T=float
          ]
  Main.cpp
  Map.cpp
Release\glm.obj : warning LNK4042: object specified more than once; extras ignored
Release\imgui.obj : warning LNK4042: object specified more than once; extras ignored
Release\imgui_demo.obj : warning LNK4042: object specified more than once; extras ignored
Release\imgui_draw.obj : warning LNK4042: object specified more than once; extras ignored
Release\imgui_sdl.obj : warning LNK4042: object specified more than once; extras ignored
Release\imgui_widgets.obj : warning LNK4042: object specified more than once; extras ignored
Release\Main.obj : warning LNK4042: object specified more than once; extras ignored
  Generating code
  1 of 1340 functions (<0.1%) were compiled, the rest were copied from previous compilation.
    0 functions were new in current compilation
    1 functions had inline decision re-evaluated but remain unchanged
  Finished generating code
  SDLEngine.vcxproj -> G:\Github_Clones\SDLEngine\SDLEngine\SDLEngine\Release\SDLEngine.exe
